# JRE version: OpenJDK Runtime Environment (8.0_152-b01) (build 1.8.0_152-release-915-b01)
# Java VM: OpenJDK 64-Bit Server VM (25.152-b01 mixed mode windows-amd64 compressed oops)
Heap:
 PSYoungGen      total 312832K, used 240867K [0x00000000e0000000, 0x00000000f8880000, 0x0000000100000000)
  eden space 291840K, 82% used [0x00000000e0000000,0x00000000eeb38fd0,0x00000000f1d00000)
  from space 20992K, 0% used [0x00000000f7400000,0x00000000f7400000,0x00000000f8880000)
  to   space 49664K, 0% used [0x00000000f2780000,0x00000000f2780000,0x00000000f5800000)
 ParOldGen       total 206336K, used 49497K [0x00000000a0000000, 0x00000000ac980000, 0x00000000e0000000)
  object space 206336K, 23% used [0x00000000a0000000,0x00000000a3056638,0x00000000ac980000)
 Metaspace       used 92171K, capacity 97456K, committed 98636K, reserved 1134592K
  class space    used 11431K, capacity 12628K, committed 12732K, reserved 1048576K
GC Heap History (10 events):
Event: 333.205 GC heap before
{Heap before GC invocations=20 (full 3):
 PSYoungGen      total 369152K, used 359427K [0x00000000e0000000, 0x00000000f9780000, 0x0000000100000000)
  eden space 327168K, 100% used [0x00000000e0000000,0x00000000f3f80000,0x00000000f3f80000)
  from space 41984K, 76% used [0x00000000f6e80000,0x00000000f8e00f08,0x00000000f9780000)
  to   space 45056K, 0% used [0x00000000f3f80000,0x00000000f3f80000,0x00000000f6b80000)
 ParOldGen       total 134656K, used 62733K [0x00000000a0000000, 0x00000000a8380000, 0x00000000e0000000)
  object space 134656K, 46% used [0x00000000a0000000,0x00000000a3d43490,0x00000000a8380000)
 Metaspace       used 91053K, capacity 94772K, committed 94996K, reserved 1132544K
  class space    used 11306K, capacity 12230K, committed 12348K, reserved 1048576K
Event: 333.285 GC heap after
Heap after GC invocations=20 (full 3):
 PSYoungGen      total 372224K, used 45055K [0x00000000e0000000, 0x00000000fdf80000, 0x0000000100000000)
  eden space 327168K, 0% used [0x00000000e0000000,0x00000000e0000000,0x00000000f3f80000)
  from space 45056K, 99% used [0x00000000f3f80000,0x00000000f6b7fd70,0x00000000f6b80000)
  to   space 58368K, 0% used [0x00000000fa680000,0x00000000fa680000,0x00000000fdf80000)
 ParOldGen       total 134656K, used 79897K [0x00000000a0000000, 0x00000000a8380000, 0x00000000e0000000)
  object space 134656K, 59% used [0x00000000a0000000,0x00000000a4e064e8,0x00000000a8380000)
 Metaspace       used 91053K, capacity 94772K, committed 94996K, reserved 1132544K
  class space    used 11306K, capacity 12230K, committed 12348K, reserved 1048576K
}
Event: 1075.432 GC heap before
{Heap before GC invocations=21 (full 3):
 PSYoungGen      total 372224K, used 372223K [0x00000000e0000000, 0x00000000fdf80000, 0x0000000100000000)
  eden space 327168K, 100% used [0x00000000e0000000,0x00000000f3f80000,0x00000000f3f80000)
  from space 45056K, 99% used [0x00000000f3f80000,0x00000000f6b7fd70,0x00000000f6b80000)
  to   space 58368K, 0% used [0x00000000fa680000,0x00000000fa680000,0x00000000fdf80000)
 ParOldGen       total 134656K, used 79897K [0x00000000a0000000, 0x00000000a8380000, 0x00000000e0000000)
  object space 134656K, 59% used [0x00000000a0000000,0x00000000a4e064e8,0x00000000a8380000)
 Metaspace       used 92119K, capacity 96462K, committed 96660K, reserved 1134592K
  class space    used 11389K, capacity 12421K, committed 12476K, reserved 1048576K
Event: 1075.565 GC heap after
Heap after GC invocations=21 (full 3):
 PSYoungGen      total 335872K, used 20684K [0x00000000e0000000, 0x00000000fbb00000, 0x0000000100000000)
  eden space 314880K, 0% used [0x00000000e0000000,0x00000000e0000000,0x00000000f3380000)
  from space 20992K, 98% used [0x00000000fa680000,0x00000000fbab3338,0x00000000fbb00000)
  to   space 55296K, 0% used [0x00000000f4f00000,0x00000000f4f00000,0x00000000f8500000)
 ParOldGen       total 134656K, used 103073K [0x00000000a0000000, 0x00000000a8380000, 0x00000000e0000000)
  object space 134656K, 76% used [0x00000000a0000000,0x00000000a64a86f0,0x00000000a8380000)
 Metaspace       used 92119K, capacity 96462K, committed 96660K, reserved 1134592K
  class space    used 11389K, capacity 12421K, committed 12476K, reserved 1048576K
}
Event: 1545.933 GC heap before
{Heap before GC invocations=22 (full 3):
 PSYoungGen      total 335872K, used 335548K [0x00000000e0000000, 0x00000000fbb00000, 0x0000000100000000)
  eden space 314880K, 99% used [0x00000000e0000000,0x00000000f337be58,0x00000000f3380000)
  from space 20992K, 98% used [0x00000000fa680000,0x00000000fbab3338,0x00000000fbb00000)
  to   space 55296K, 0% used [0x00000000f4f00000,0x00000000f4f00000,0x00000000f8500000)
 ParOldGen       total 134656K, used 103073K [0x00000000a0000000, 0x00000000a8380000, 0x00000000e0000000)
  object space 134656K, 76% used [0x00000000a0000000,0x00000000a64a86f0,0x00000000a8380000)
 Metaspace       used 92959K, capacity 97776K, committed 97812K, reserved 1134592K
  class space    used 11462K, capacity 12570K, committed 12604K, reserved 1048576K
Event: 1546.015 GC heap after
Heap after GC invocations=22 (full 3):
 PSYoungGen      total 326656K, used 23047K [0x00000000e0000000, 0x00000000fa700000, 0x0000000100000000)
  eden space 303104K, 0% used [0x00000000e0000000,0x00000000e0000000,0x00000000f2800000)
  from space 23552K, 97% used [0x00000000f4f00000,0x00000000f6581f50,0x00000000f6600000)
  to   space 52224K, 0% used [0x00000000f7400000,0x00000000f7400000,0x00000000fa700000)
 ParOldGen       total 134656K, used 103081K [0x00000000a0000000, 0x00000000a8380000, 0x00000000e0000000)
  object space 134656K, 76% used [0x00000000a0000000,0x00000000a64aa6f0,0x00000000a8380000)
 Metaspace       used 92959K, capacity 97776K, committed 97812K, reserved 1134592K
  class space    used 11462K, capacity 12570K, committed 12604K, reserved 1048576K
}
Event: 1841.272 GC heap before
{Heap before GC invocations=23 (full 3):
 PSYoungGen      total 326656K, used 281860K [0x00000000e0000000, 0x00000000fa700000, 0x0000000100000000)
  eden space 303104K, 85% used [0x00000000e0000000,0x00000000efcbf2c0,0x00000000f2800000)
  from space 23552K, 97% used [0x00000000f4f00000,0x00000000f6581f50,0x00000000f6600000)
  to   space 52224K, 0% used [0x00000000f7400000,0x00000000f7400000,0x00000000fa700000)
 ParOldGen       total 134656K, used 103081K [0x00000000a0000000, 0x00000000a8380000, 0x00000000e0000000)
  object space 134656K, 76% used [0x00000000a0000000,0x00000000a64aa6f0,0x00000000a8380000)
 Metaspace       used 93288K, capacity 98304K, committed 98380K, reserved 1134592K
  class space    used 11501K, capacity 12676K, committed 12732K, reserved 1048576K
Event: 1841.344 GC heap after
Heap after GC invocations=23 (full 3):
 PSYoungGen      total 312832K, used 20649K [0x00000000e0000000, 0x00000000f8880000, 0x0000000100000000)
  eden space 291840K, 0% used [0x00000000e0000000,0x00000000e0000000,0x00000000f1d00000)
  from space 20992K, 98% used [0x00000000f7400000,0x00000000f882a420,0x00000000f8880000)
  to   space 49664K, 0% used [0x00000000f2780000,0x00000000f2780000,0x00000000f5800000)
 ParOldGen       total 134656K, used 103089K [0x00000000a0000000, 0x00000000a8380000, 0x00000000e0000000)
  object space 134656K, 76% used [0x00000000a0000000,0x00000000a64ac6f0,0x00000000a8380000)
 Metaspace       used 93288K, capacity 98304K, committed 98380K, reserved 1134592K
  class space    used 11501K, capacity 12676K, committed 12732K, reserved 1048576K
}
Event: 1841.345 GC heap before
{Heap before GC invocations=24 (full 4):
 PSYoungGen      total 312832K, used 20649K [0x00000000e0000000, 0x00000000f8880000, 0x0000000100000000)
  eden space 291840K, 0% used [0x00000000e0000000,0x00000000e0000000,0x00000000f1d00000)
  from space 20992K, 98% used [0x00000000f7400000,0x00000000f882a420,0x00000000f8880000)
  to   space 49664K, 0% used [0x00000000f2780000,0x00000000f2780000,0x00000000f5800000)
 ParOldGen       total 134656K, used 103089K [0x00000000a0000000, 0x00000000a8380000, 0x00000000e0000000)
  object space 134656K, 76% used [0x00000000a0000000,0x00000000a64ac6f0,0x00000000a8380000)
 Metaspace       used 93288K, capacity 98304K, committed 98380K, reserved 1134592K
  class space    used 11501K, capacity 12676K, committed 12732K, reserved 1048576K
Event: 1841.779 GC heap after
Heap after GC invocations=24 (full 4):
 PSYoungGen      total 312832K, used 0K [0x00000000e0000000, 0x00000000f8880000, 0x0000000100000000)
  eden space 291840K, 0% used [0x00000000e0000000,0x00000000e0000000,0x00000000f1d00000)
  from space 20992K, 0% used [0x00000000f7400000,0x00000000f7400000,0x00000000f8880000)
  to   space 49664K, 0% used [0x00000000f2780000,0x00000000f2780000,0x00000000f5800000)
 ParOldGen       total 206336K, used 49497K [0x00000000a0000000, 0x00000000ac980000, 0x00000000e0000000)
  object space 206336K, 23% used [0x00000000a0000000,0x00000000a3056638,0x00000000ac980000)
 Metaspace       used 90137K, capacity 94852K, committed 98380K, reserved 1134592K
  class space    used 11265K, capacity 12368K, committed 12732K, reserved 1048576K
}

