# JRE version: OpenJDK Runtime Environment (8.0_152-b01) (build 1.8.0_152-release-915-b01)
# Java VM: OpenJDK 64-Bit Server VM (25.152-b01 mixed mode windows-amd64 compressed oops)
Heap:
 PSYoungGen      total 176640K, used 83517K [0x00000000e0000000, 0x00000000f0280000, 0x0000000100000000)
  eden space 145408K, 49% used [0x00000000e0000000,0x00000000e45c3a48,0x00000000e8e00000)
  from space 31232K, 38% used [0x00000000e8e00000,0x00000000e99cbc78,0x00000000eac80000)
  to   space 29696K, 0% used [0x00000000ee580000,0x00000000ee580000,0x00000000f0280000)
 ParOldGen       total 165888K, used 89673K [0x00000000a0000000, 0x00000000aa200000, 0x00000000e0000000)
  object space 165888K, 54% used [0x00000000a0000000,0x00000000a57926d0,0x00000000aa200000)
 Metaspace       used 55145K, capacity 56182K, committed 56448K, reserved 1099776K
  class space    used 6477K, capacity 6733K, committed 6784K, reserved 1048576K
GC Heap History (10 events):
Event: 7.120 GC heap before
{Heap before GC invocations=13 (full 3):
 PSYoungGen      total 94720K, used 90513K [0x00000000e0000000, 0x00000000e9d80000, 0x0000000100000000)
  eden space 72704K, 100% used [0x00000000e0000000,0x00000000e4700000,0x00000000e4700000)
  from space 22016K, 80% used [0x00000000e4700000,0x00000000e5864610,0x00000000e5c80000)
  to   space 23552K, 0% used [0x00000000e8680000,0x00000000e8680000,0x00000000e9d80000)
 ParOldGen       total 156160K, used 139087K [0x00000000a0000000, 0x00000000a9880000, 0x00000000e0000000)
  object space 156160K, 89% used [0x00000000a0000000,0x00000000a87d3db8,0x00000000a9880000)
 Metaspace       used 45158K, capacity 45920K, committed 46336K, reserved 1089536K
  class space    used 5631K, capacity 5794K, committed 5888K, reserved 1048576K
Event: 7.156 GC heap after
Heap after GC invocations=13 (full 3):
 PSYoungGen      total 121344K, used 23546K [0x00000000e0000000, 0x00000000e9d80000, 0x0000000100000000)
  eden space 97792K, 0% used [0x00000000e0000000,0x00000000e0000000,0x00000000e5f80000)
  from space 23552K, 99% used [0x00000000e8680000,0x00000000e9d7e968,0x00000000e9d80000)
  to   space 28160K, 0% used [0x00000000e6680000,0x00000000e6680000,0x00000000e8200000)
 ParOldGen       total 156160K, used 142228K [0x00000000a0000000, 0x00000000a9880000, 0x00000000e0000000)
  object space 156160K, 91% used [0x00000000a0000000,0x00000000a8ae51c0,0x00000000a9880000)
 Metaspace       used 45158K, capacity 45920K, committed 46336K, reserved 1089536K
  class space    used 5631K, capacity 5794K, committed 5888K, reserved 1048576K
}
Event: 7.197 GC heap before
{Heap before GC invocations=14 (full 3):
 PSYoungGen      total 121344K, used 90893K [0x00000000e0000000, 0x00000000e9d80000, 0x0000000100000000)
  eden space 97792K, 68% used [0x00000000e0000000,0x00000000e41c4d68,0x00000000e5f80000)
  from space 23552K, 99% used [0x00000000e8680000,0x00000000e9d7e968,0x00000000e9d80000)
  to   space 28160K, 0% used [0x00000000e6680000,0x00000000e6680000,0x00000000e8200000)
 ParOldGen       total 156160K, used 142228K [0x00000000a0000000, 0x00000000a9880000, 0x00000000e0000000)
  object space 156160K, 91% used [0x00000000a0000000,0x00000000a8ae51c0,0x00000000a9880000)
 Metaspace       used 45360K, capacity 46118K, committed 46336K, reserved 1089536K
  class space    used 5658K, capacity 5833K, committed 5888K, reserved 1048576K
Event: 7.233 GC heap after
Heap after GC invocations=14 (full 3):
 PSYoungGen      total 133120K, used 24165K [0x00000000e0000000, 0x00000000eca80000, 0x0000000100000000)
  eden space 104960K, 0% used [0x00000000e0000000,0x00000000e0000000,0x00000000e6680000)
  from space 28160K, 85% used [0x00000000e6680000,0x00000000e7e19510,0x00000000e8200000)
  to   space 30720K, 0% used [0x00000000eac80000,0x00000000eac80000,0x00000000eca80000)
 ParOldGen       total 156160K, used 152181K [0x00000000a0000000, 0x00000000a9880000, 0x00000000e0000000)
  object space 156160K, 97% used [0x00000000a0000000,0x00000000a949d6d0,0x00000000a9880000)
 Metaspace       used 45360K, capacity 46118K, committed 46336K, reserved 1089536K
  class space    used 5658K, capacity 5833K, committed 5888K, reserved 1048576K
}
Event: 7.233 GC heap before
{Heap before GC invocations=15 (full 4):
 PSYoungGen      total 133120K, used 24165K [0x00000000e0000000, 0x00000000eca80000, 0x0000000100000000)
  eden space 104960K, 0% used [0x00000000e0000000,0x00000000e0000000,0x00000000e6680000)
  from space 28160K, 85% used [0x00000000e6680000,0x00000000e7e19510,0x00000000e8200000)
  to   space 30720K, 0% used [0x00000000eac80000,0x00000000eac80000,0x00000000eca80000)
 ParOldGen       total 156160K, used 152181K [0x00000000a0000000, 0x00000000a9880000, 0x00000000e0000000)
  object space 156160K, 97% used [0x00000000a0000000,0x00000000a949d6d0,0x00000000a9880000)
 Metaspace       used 45360K, capacity 46118K, committed 46336K, reserved 1089536K
  class space    used 5658K, capacity 5833K, committed 5888K, reserved 1048576K
Event: 7.413 GC heap after
Heap after GC invocations=15 (full 4):
 PSYoungGen      total 133120K, used 0K [0x00000000e0000000, 0x00000000eca80000, 0x0000000100000000)
  eden space 104960K, 0% used [0x00000000e0000000,0x00000000e0000000,0x00000000e6680000)
  from space 28160K, 0% used [0x00000000e6680000,0x00000000e6680000,0x00000000e8200000)
  to   space 30720K, 0% used [0x00000000eac80000,0x00000000eac80000,0x00000000eca80000)
 ParOldGen       total 165888K, used 48630K [0x00000000a0000000, 0x00000000aa200000, 0x00000000e0000000)
  object space 165888K, 29% used [0x00000000a0000000,0x00000000a2f7d868,0x00000000aa200000)
 Metaspace       used 45360K, capacity 46118K, committed 46336K, reserved 1089536K
  class space    used 5658K, capacity 5833K, committed 5888K, reserved 1048576K
}
Event: 8.039 GC heap before
{Heap before GC invocations=16 (full 4):
 PSYoungGen      total 133120K, used 104960K [0x00000000e0000000, 0x00000000eca80000, 0x0000000100000000)
  eden space 104960K, 100% used [0x00000000e0000000,0x00000000e6680000,0x00000000e6680000)
  from space 28160K, 0% used [0x00000000e6680000,0x00000000e6680000,0x00000000e8200000)
  to   space 30720K, 0% used [0x00000000eac80000,0x00000000eac80000,0x00000000eca80000)
 ParOldGen       total 165888K, used 48630K [0x00000000a0000000, 0x00000000aa200000, 0x00000000e0000000)
  object space 165888K, 29% used [0x00000000a0000000,0x00000000a2f7d868,0x00000000aa200000)
 Metaspace       used 45721K, capacity 46490K, committed 46848K, reserved 1089536K
  class space    used 5696K, capacity 5869K, committed 5888K, reserved 1048576K
Event: 8.057 GC heap after
Heap after GC invocations=16 (full 4):
 PSYoungGen      total 176128K, used 1003K [0x00000000e0000000, 0x00000000ed100000, 0x0000000100000000)
  eden space 145408K, 0% used [0x00000000e0000000,0x00000000e0000000,0x00000000e8e00000)
  from space 30720K, 3% used [0x00000000eac80000,0x00000000ead7ac00,0x00000000eca80000)
  to   space 31232K, 0% used [0x00000000e8e00000,0x00000000e8e00000,0x00000000eac80000)
 ParOldGen       total 165888K, used 89665K [0x00000000a0000000, 0x00000000aa200000, 0x00000000e0000000)
  object space 165888K, 54% used [0x00000000a0000000,0x00000000a57906d0,0x00000000aa200000)
 Metaspace       used 45721K, capacity 46490K, committed 46848K, reserved 1089536K
  class space    used 5696K, capacity 5869K, committed 5888K, reserved 1048576K
}
Event: 10.879 GC heap before
{Heap before GC invocations=17 (full 4):
 PSYoungGen      total 176128K, used 146411K [0x00000000e0000000, 0x00000000ed100000, 0x0000000100000000)
  eden space 145408K, 100% used [0x00000000e0000000,0x00000000e8e00000,0x00000000e8e00000)
  from space 30720K, 3% used [0x00000000eac80000,0x00000000ead7ac00,0x00000000eca80000)
  to   space 31232K, 0% used [0x00000000e8e00000,0x00000000e8e00000,0x00000000eac80000)
 ParOldGen       total 165888K, used 89665K [0x00000000a0000000, 0x00000000aa200000, 0x00000000e0000000)
  object space 165888K, 54% used [0x00000000a0000000,0x00000000a57906d0,0x00000000aa200000)
 Metaspace       used 49099K, capacity 49912K, committed 50176K, reserved 1093632K
  class space    used 5916K, capacity 6088K, committed 6144K, reserved 1048576K
Event: 10.893 GC heap after
Heap after GC invocations=17 (full 4):
 PSYoungGen      total 176640K, used 12079K [0x00000000e0000000, 0x00000000f0280000, 0x0000000100000000)
  eden space 145408K, 0% used [0x00000000e0000000,0x00000000e0000000,0x00000000e8e00000)
  from space 31232K, 38% used [0x00000000e8e00000,0x00000000e99cbc78,0x00000000eac80000)
  to   space 29696K, 0% used [0x00000000ee580000,0x00000000ee580000,0x00000000f0280000)
 ParOldGen       total 165888K, used 89673K [0x00000000a0000000, 0x00000000aa200000, 0x00000000e0000000)
  object space 165888K, 54% used [0x00000000a0000000,0x00000000a57926d0,0x00000000aa200000)
 Metaspace       used 49099K, capacity 49912K, committed 50176K, reserved 1093632K
  class space    used 5916K, capacity 6088K, committed 6144K, reserved 1048576K
}

