# JRE version: OpenJDK Runtime Environment (8.0_152-b01) (build 1.8.0_152-release-915-b01)
# Java VM: OpenJDK 64-Bit Server VM (25.152-b01 mixed mode windows-amd64 compressed oops)
Heap:
 PSYoungGen      total 248832K, used 32720K [0x00000000e0000000, 0x00000000f4300000, 0x0000000100000000)
  eden space 195072K, 7% used [0x00000000e0000000,0x00000000e0f00ef8,0x00000000ebe80000)
  from space 53760K, 32% used [0x00000000ebe80000,0x00000000ecf73430,0x00000000ef300000)
  to   space 51712K, 0% used [0x00000000f1080000,0x00000000f1080000,0x00000000f4300000)
 ParOldGen       total 226816K, used 46736K [0x00000000a0000000, 0x00000000add80000, 0x00000000e0000000)
  object space 226816K, 20% used [0x00000000a0000000,0x00000000a2da43e8,0x00000000add80000)
 Metaspace       used 59518K, capacity 60822K, committed 60928K, reserved 1103872K
  class space    used 6735K, capacity 7075K, committed 7168K, reserved 1048576K
GC Heap History (10 events):
Event: 1314.863 GC heap before
{Heap before GC invocations=22 (full 5):
 PSYoungGen      total 187392K, used 179884K [0x00000000e0000000, 0x00000000ef300000, 0x0000000100000000)
  eden space 142848K, 100% used [0x00000000e0000000,0x00000000e8b80000,0x00000000e8b80000)
  from space 44544K, 83% used [0x00000000ebb80000,0x00000000edfab180,0x00000000ee700000)
  to   space 49152K, 0% used [0x00000000e8b80000,0x00000000e8b80000,0x00000000ebb80000)
 ParOldGen       total 226816K, used 46704K [0x00000000a0000000, 0x00000000add80000, 0x00000000e0000000)
  object space 226816K, 20% used [0x00000000a0000000,0x00000000a2d9c3e8,0x00000000add80000)
 Metaspace       used 57728K, capacity 58862K, committed 59264K, reserved 1101824K
  class space    used 6627K, capacity 6923K, committed 7040K, reserved 1048576K
Event: 1314.916 GC heap after
Heap after GC invocations=22 (full 5):
 PSYoungGen      total 192000K, used 18217K [0x00000000e0000000, 0x00000000f0500000, 0x0000000100000000)
  eden space 142848K, 0% used [0x00000000e0000000,0x00000000e0000000,0x00000000e8b80000)
  from space 49152K, 37% used [0x00000000e8b80000,0x00000000e9d4a700,0x00000000ebb80000)
  to   space 46080K, 0% used [0x00000000ed800000,0x00000000ed800000,0x00000000f0500000)
 ParOldGen       total 226816K, used 46712K [0x00000000a0000000, 0x00000000add80000, 0x00000000e0000000)
  object space 226816K, 20% used [0x00000000a0000000,0x00000000a2d9e3e8,0x00000000add80000)
 Metaspace       used 57728K, capacity 58862K, committed 59264K, reserved 1101824K
  class space    used 6627K, capacity 6923K, committed 7040K, reserved 1048576K
}
Event: 1316.173 GC heap before
{Heap before GC invocations=23 (full 5):
 PSYoungGen      total 192000K, used 161065K [0x00000000e0000000, 0x00000000f0500000, 0x0000000100000000)
  eden space 142848K, 100% used [0x00000000e0000000,0x00000000e8b80000,0x00000000e8b80000)
  from space 49152K, 37% used [0x00000000e8b80000,0x00000000e9d4a700,0x00000000ebb80000)
  to   space 46080K, 0% used [0x00000000ed800000,0x00000000ed800000,0x00000000f0500000)
 ParOldGen       total 226816K, used 46712K [0x00000000a0000000, 0x00000000add80000, 0x00000000e0000000)
  object space 226816K, 20% used [0x00000000a0000000,0x00000000a2d9e3e8,0x00000000add80000)
 Metaspace       used 57966K, capacity 59136K, committed 59520K, reserved 1101824K
  class space    used 6639K, capacity 6926K, committed 7040K, reserved 1048576K
Event: 1316.238 GC heap after
Heap after GC invocations=23 (full 5):
 PSYoungGen      total 216576K, used 38244K [0x00000000e0000000, 0x00000000f0a00000, 0x0000000100000000)
  eden space 170496K, 0% used [0x00000000e0000000,0x00000000e0000000,0x00000000ea680000)
  from space 46080K, 82% used [0x00000000ed800000,0x00000000efd59140,0x00000000f0500000)
  to   space 50688K, 0% used [0x00000000ea680000,0x00000000ea680000,0x00000000ed800000)
 ParOldGen       total 226816K, used 46712K [0x00000000a0000000, 0x00000000add80000, 0x00000000e0000000)
  object space 226816K, 20% used [0x00000000a0000000,0x00000000a2d9e3e8,0x00000000add80000)
 Metaspace       used 57966K, capacity 59136K, committed 59520K, reserved 1101824K
  class space    used 6639K, capacity 6926K, committed 7040K, reserved 1048576K
}
Event: 1409.851 GC heap before
{Heap before GC invocations=24 (full 5):
 PSYoungGen      total 216576K, used 208740K [0x00000000e0000000, 0x00000000f0a00000, 0x0000000100000000)
  eden space 170496K, 100% used [0x00000000e0000000,0x00000000ea680000,0x00000000ea680000)
  from space 46080K, 82% used [0x00000000ed800000,0x00000000efd59140,0x00000000f0500000)
  to   space 50688K, 0% used [0x00000000ea680000,0x00000000ea680000,0x00000000ed800000)
 ParOldGen       total 226816K, used 46712K [0x00000000a0000000, 0x00000000add80000, 0x00000000e0000000)
  object space 226816K, 20% used [0x00000000a0000000,0x00000000a2d9e3e8,0x00000000add80000)
 Metaspace       used 58618K, capacity 59812K, committed 60032K, reserved 1101824K
  class space    used 6682K, capacity 7000K, committed 7040K, reserved 1048576K
Event: 1409.869 GC heap after
Heap after GC invocations=24 (full 5):
 PSYoungGen      total 221184K, used 9798K [0x00000000e0000000, 0x00000000f2380000, 0x0000000100000000)
  eden space 170496K, 0% used [0x00000000e0000000,0x00000000e0000000,0x00000000ea680000)
  from space 50688K, 19% used [0x00000000ea680000,0x00000000eb011bb8,0x00000000ed800000)
  to   space 49664K, 0% used [0x00000000ef300000,0x00000000ef300000,0x00000000f2380000)
 ParOldGen       total 226816K, used 46720K [0x00000000a0000000, 0x00000000add80000, 0x00000000e0000000)
  object space 226816K, 20% used [0x00000000a0000000,0x00000000a2da03e8,0x00000000add80000)
 Metaspace       used 58618K, capacity 59812K, committed 60032K, reserved 1101824K
  class space    used 6682K, capacity 7000K, committed 7040K, reserved 1048576K
}
Event: 1411.255 GC heap before
{Heap before GC invocations=25 (full 5):
 PSYoungGen      total 221184K, used 180294K [0x00000000e0000000, 0x00000000f2380000, 0x0000000100000000)
  eden space 170496K, 100% used [0x00000000e0000000,0x00000000ea680000,0x00000000ea680000)
  from space 50688K, 19% used [0x00000000ea680000,0x00000000eb011bb8,0x00000000ed800000)
  to   space 49664K, 0% used [0x00000000ef300000,0x00000000ef300000,0x00000000f2380000)
 ParOldGen       total 226816K, used 46720K [0x00000000a0000000, 0x00000000add80000, 0x00000000e0000000)
  object space 226816K, 20% used [0x00000000a0000000,0x00000000a2da03e8,0x00000000add80000)
 Metaspace       used 58856K, capacity 60144K, committed 60288K, reserved 1101824K
  class space    used 6692K, capacity 7002K, committed 7040K, reserved 1048576K
Event: 1411.311 GC heap after
Heap after GC invocations=25 (full 5):
 PSYoungGen      total 244736K, used 39637K [0x00000000e0000000, 0x00000000f2f80000, 0x0000000100000000)
  eden space 195072K, 0% used [0x00000000e0000000,0x00000000e0000000,0x00000000ebe80000)
  from space 49664K, 79% used [0x00000000ef300000,0x00000000f19b57f0,0x00000000f2380000)
  to   space 53760K, 0% used [0x00000000ebe80000,0x00000000ebe80000,0x00000000ef300000)
 ParOldGen       total 226816K, used 46728K [0x00000000a0000000, 0x00000000add80000, 0x00000000e0000000)
  object space 226816K, 20% used [0x00000000a0000000,0x00000000a2da23e8,0x00000000add80000)
 Metaspace       used 58856K, capacity 60144K, committed 60288K, reserved 1101824K
  class space    used 6692K, capacity 7002K, committed 7040K, reserved 1048576K
}
Event: 1811.233 GC heap before
{Heap before GC invocations=26 (full 5):
 PSYoungGen      total 244736K, used 234709K [0x00000000e0000000, 0x00000000f2f80000, 0x0000000100000000)
  eden space 195072K, 100% used [0x00000000e0000000,0x00000000ebe80000,0x00000000ebe80000)
  from space 49664K, 79% used [0x00000000ef300000,0x00000000f19b57f0,0x00000000f2380000)
  to   space 53760K, 0% used [0x00000000ebe80000,0x00000000ebe80000,0x00000000ef300000)
 ParOldGen       total 226816K, used 46728K [0x00000000a0000000, 0x00000000add80000, 0x00000000e0000000)
  object space 226816K, 20% used [0x00000000a0000000,0x00000000a2da23e8,0x00000000add80000)
 Metaspace       used 59506K, capacity 60822K, committed 60928K, reserved 1103872K
  class space    used 6735K, capacity 7075K, committed 7168K, reserved 1048576K
Event: 1811.337 GC heap after
Heap after GC invocations=26 (full 5):
 PSYoungGen      total 248832K, used 17357K [0x00000000e0000000, 0x00000000f4300000, 0x0000000100000000)
  eden space 195072K, 0% used [0x00000000e0000000,0x00000000e0000000,0x00000000ebe80000)
  from space 53760K, 32% used [0x00000000ebe80000,0x00000000ecf73430,0x00000000ef300000)
  to   space 51712K, 0% used [0x00000000f1080000,0x00000000f1080000,0x00000000f4300000)
 ParOldGen       total 226816K, used 46736K [0x00000000a0000000, 0x00000000add80000, 0x00000000e0000000)
  object space 226816K, 20% used [0x00000000a0000000,0x00000000a2da43e8,0x00000000add80000)
 Metaspace       used 59506K, capacity 60822K, committed 60928K, reserved 1103872K
  class space    used 6735K, capacity 7075K, committed 7168K, reserved 1048576K
}

