# JRE version: OpenJDK Runtime Environment (8.0_152-b01) (build 1.8.0_152-release-915-b01)
# Java VM: OpenJDK 64-Bit Server VM (25.152-b01 mixed mode windows-amd64 compressed oops)
Heap:
 PSYoungGen      total 199168K, used 70445K [0x00000000e0000000, 0x00000000f0a80000, 0x0000000100000000)
  eden space 140288K, 14% used [0x00000000e0000000,0x00000000e1390c10,0x00000000e8900000)
  from space 58880K, 85% used [0x00000000ec880000,0x00000000ef9ba920,0x00000000f0200000)
  to   space 65024K, 0% used [0x00000000e8900000,0x00000000e8900000,0x00000000ec880000)
 ParOldGen       total 173568K, used 120098K [0x00000000a0000000, 0x00000000aa980000, 0x00000000e0000000)
  object space 173568K, 69% used [0x00000000a0000000,0x00000000a7548a40,0x00000000aa980000)
 Metaspace       used 60478K, capacity 62214K, committed 62464K, reserved 1103872K
  class space    used 6894K, capacity 7319K, committed 7424K, reserved 1048576K
GC Heap History (10 events):
Event: 72.933 GC heap before
{Heap before GC invocations=18 (full 4):
 PSYoungGen      total 145920K, used 145907K [0x00000000e0000000, 0x00000000edf80000, 0x0000000100000000)
  eden space 107520K, 100% used [0x00000000e0000000,0x00000000e6900000,0x00000000e6900000)
  from space 38400K, 99% used [0x00000000e6900000,0x00000000e8e7ccc8,0x00000000e8e80000)
  to   space 48128K, 0% used [0x00000000eb080000,0x00000000eb080000,0x00000000edf80000)
 ParOldGen       total 173568K, used 102405K [0x00000000a0000000, 0x00000000aa980000, 0x00000000e0000000)
  object space 173568K, 59% used [0x00000000a0000000,0x00000000a6401578,0x00000000aa980000)
 Metaspace       used 55829K, capacity 56844K, committed 57216K, reserved 1099776K
  class space    used 6499K, capacity 6738K, committed 6784K, reserved 1048576K
Event: 73.002 GC heap after
Heap after GC invocations=18 (full 4):
 PSYoungGen      total 179712K, used 29278K [0x00000000e0000000, 0x00000000ee180000, 0x0000000100000000)
  eden space 131584K, 0% used [0x00000000e0000000,0x00000000e0000000,0x00000000e8080000)
  from space 48128K, 60% used [0x00000000eb080000,0x00000000ecd17b38,0x00000000edf80000)
  to   space 49152K, 0% used [0x00000000e8080000,0x00000000e8080000,0x00000000eb080000)
 ParOldGen       total 173568K, used 120066K [0x00000000a0000000, 0x00000000aa980000, 0x00000000e0000000)
  object space 173568K, 69% used [0x00000000a0000000,0x00000000a7540a40,0x00000000aa980000)
 Metaspace       used 55829K, capacity 56844K, committed 57216K, reserved 1099776K
  class space    used 6499K, capacity 6738K, committed 6784K, reserved 1048576K
}
Event: 296.402 GC heap before
{Heap before GC invocations=19 (full 4):
 PSYoungGen      total 179712K, used 160862K [0x00000000e0000000, 0x00000000ee180000, 0x0000000100000000)
  eden space 131584K, 100% used [0x00000000e0000000,0x00000000e8080000,0x00000000e8080000)
  from space 48128K, 60% used [0x00000000eb080000,0x00000000ecd17b38,0x00000000edf80000)
  to   space 49152K, 0% used [0x00000000e8080000,0x00000000e8080000,0x00000000eb080000)
 ParOldGen       total 173568K, used 120066K [0x00000000a0000000, 0x00000000aa980000, 0x00000000e0000000)
  object space 173568K, 69% used [0x00000000a0000000,0x00000000a7540a40,0x00000000aa980000)
 Metaspace       used 57397K, capacity 58594K, committed 58880K, reserved 1101824K
  class space    used 6595K, capacity 6867K, committed 6912K, reserved 1048576K
Event: 296.432 GC heap after
Heap after GC invocations=19 (full 4):
 PSYoungGen      total 180736K, used 29498K [0x00000000e0000000, 0x00000000efa80000, 0x0000000100000000)
  eden space 131584K, 0% used [0x00000000e0000000,0x00000000e0000000,0x00000000e8080000)
  from space 49152K, 60% used [0x00000000e8080000,0x00000000e9d4ea68,0x00000000eb080000)
  to   space 49664K, 0% used [0x00000000eca00000,0x00000000eca00000,0x00000000efa80000)
 ParOldGen       total 173568K, used 120074K [0x00000000a0000000, 0x00000000aa980000, 0x00000000e0000000)
  object space 173568K, 69% used [0x00000000a0000000,0x00000000a7542a40,0x00000000aa980000)
 Metaspace       used 57397K, capacity 58594K, committed 58880K, reserved 1101824K
  class space    used 6595K, capacity 6867K, committed 6912K, reserved 1048576K
}
Event: 698.256 GC heap before
{Heap before GC invocations=20 (full 4):
 PSYoungGen      total 180736K, used 161082K [0x00000000e0000000, 0x00000000efa80000, 0x0000000100000000)
  eden space 131584K, 100% used [0x00000000e0000000,0x00000000e8080000,0x00000000e8080000)
  from space 49152K, 60% used [0x00000000e8080000,0x00000000e9d4ea68,0x00000000eb080000)
  to   space 49664K, 0% used [0x00000000eca00000,0x00000000eca00000,0x00000000efa80000)
 ParOldGen       total 173568K, used 120074K [0x00000000a0000000, 0x00000000aa980000, 0x00000000e0000000)
  object space 173568K, 69% used [0x00000000a0000000,0x00000000a7542a40,0x00000000aa980000)
 Metaspace       used 58287K, capacity 59498K, committed 59776K, reserved 1101824K
  class space    used 6671K, capacity 6973K, committed 7040K, reserved 1048576K
Event: 698.323 GC heap after
Heap after GC invocations=20 (full 4):
 PSYoungGen      total 200192K, used 46380K [0x00000000e0000000, 0x00000000f0300000, 0x0000000100000000)
  eden space 150528K, 0% used [0x00000000e0000000,0x00000000e0000000,0x00000000e9300000)
  from space 49664K, 93% used [0x00000000eca00000,0x00000000ef74b238,0x00000000efa80000)
  to   space 56320K, 0% used [0x00000000e9300000,0x00000000e9300000,0x00000000eca00000)
 ParOldGen       total 173568K, used 120082K [0x00000000a0000000, 0x00000000aa980000, 0x00000000e0000000)
  object space 173568K, 69% used [0x00000000a0000000,0x00000000a7544a40,0x00000000aa980000)
 Metaspace       used 58287K, capacity 59498K, committed 59776K, reserved 1101824K
  class space    used 6671K, capacity 6973K, committed 7040K, reserved 1048576K
}
Event: 1510.840 GC heap before
{Heap before GC invocations=21 (full 4):
 PSYoungGen      total 200192K, used 196908K [0x00000000e0000000, 0x00000000f0300000, 0x0000000100000000)
  eden space 150528K, 100% used [0x00000000e0000000,0x00000000e9300000,0x00000000e9300000)
  from space 49664K, 93% used [0x00000000eca00000,0x00000000ef74b238,0x00000000efa80000)
  to   space 56320K, 0% used [0x00000000e9300000,0x00000000e9300000,0x00000000eca00000)
 ParOldGen       total 173568K, used 120082K [0x00000000a0000000, 0x00000000aa980000, 0x00000000e0000000)
  object space 173568K, 69% used [0x00000000a0000000,0x00000000a7544a40,0x00000000aa980000)
 Metaspace       used 59378K, capacity 60784K, committed 60928K, reserved 1103872K
  class space    used 6768K, capacity 7120K, committed 7168K, reserved 1048576K
Event: 1511.032 GC heap after
Heap after GC invocations=21 (full 4):
 PSYoungGen      total 186368K, used 39480K [0x00000000e0000000, 0x00000000f0200000, 0x0000000100000000)
  eden space 146432K, 0% used [0x00000000e0000000,0x00000000e0000000,0x00000000e8f00000)
  from space 39936K, 98% used [0x00000000e9300000,0x00000000eb98e2a0,0x00000000eba00000)
  to   space 58880K, 0% used [0x00000000ec880000,0x00000000ec880000,0x00000000f0200000)
 ParOldGen       total 173568K, used 120090K [0x00000000a0000000, 0x00000000aa980000, 0x00000000e0000000)
  object space 173568K, 69% used [0x00000000a0000000,0x00000000a7546a40,0x00000000aa980000)
 Metaspace       used 59378K, capacity 60784K, committed 60928K, reserved 1103872K
  class space    used 6768K, capacity 7120K, committed 7168K, reserved 1048576K
}
Event: 1796.386 GC heap before
{Heap before GC invocations=22 (full 4):
 PSYoungGen      total 186368K, used 185912K [0x00000000e0000000, 0x00000000f0200000, 0x0000000100000000)
  eden space 146432K, 100% used [0x00000000e0000000,0x00000000e8f00000,0x00000000e8f00000)
  from space 39936K, 98% used [0x00000000e9300000,0x00000000eb98e2a0,0x00000000eba00000)
  to   space 58880K, 0% used [0x00000000ec880000,0x00000000ec880000,0x00000000f0200000)
 ParOldGen       total 173568K, used 120090K [0x00000000a0000000, 0x00000000aa980000, 0x00000000e0000000)
  object space 173568K, 69% used [0x00000000a0000000,0x00000000a7546a40,0x00000000aa980000)
 Metaspace       used 60460K, capacity 62208K, committed 62464K, reserved 1103872K
  class space    used 6894K, capacity 7318K, committed 7424K, reserved 1048576K
Event: 1796.505 GC heap after
Heap after GC invocations=22 (full 4):
 PSYoungGen      total 199168K, used 50410K [0x00000000e0000000, 0x00000000f0a80000, 0x0000000100000000)
  eden space 140288K, 0% used [0x00000000e0000000,0x00000000e0000000,0x00000000e8900000)
  from space 58880K, 85% used [0x00000000ec880000,0x00000000ef9ba920,0x00000000f0200000)
  to   space 65024K, 0% used [0x00000000e8900000,0x00000000e8900000,0x00000000ec880000)
 ParOldGen       total 173568K, used 120098K [0x00000000a0000000, 0x00000000aa980000, 0x00000000e0000000)
  object space 173568K, 69% used [0x00000000a0000000,0x00000000a7548a40,0x00000000aa980000)
 Metaspace       used 60460K, capacity 62208K, committed 62464K, reserved 1103872K
  class space    used 6894K, capacity 7318K, committed 7424K, reserved 1048576K
}

